mode: set
github.com/roca/celeritas/mailer/mail.go:48.32,49.6 1 1
github.com/roca/celeritas/mailer/mail.go:49.6,52.17 3 1
github.com/roca/celeritas/mailer/mail.go:52.17,54.4 1 1
github.com/roca/celeritas/mailer/mail.go:54.9,56.4 1 1
github.com/roca/celeritas/mailer/mail.go:60.40,61.85 1 1
github.com/roca/celeritas/mailer/mail.go:61.85,64.3 1 1
github.com/roca/celeritas/mailer/mail.go:65.2,65.31 1 1
github.com/roca/celeritas/mailer/mail.go:68.45,69.15 1 1
github.com/roca/celeritas/mailer/mail.go:70.42,71.36 1 0
github.com/roca/celeritas/mailer/mail.go:72.10,73.95 1 1
github.com/roca/celeritas/mailer/mail.go:77.66,78.20 1 1
github.com/roca/celeritas/mailer/mail.go:78.20,80.3 1 1
github.com/roca/celeritas/mailer/mail.go:82.2,82.24 1 1
github.com/roca/celeritas/mailer/mail.go:82.24,84.3 1 1
github.com/roca/celeritas/mailer/mail.go:86.2,95.16 3 1
github.com/roca/celeritas/mailer/mail.go:95.16,97.3 1 1
github.com/roca/celeritas/mailer/mail.go:99.2,100.16 2 0
github.com/roca/celeritas/mailer/mail.go:100.16,102.3 1 0
github.com/roca/celeritas/mailer/mail.go:104.2,105.16 2 0
github.com/roca/celeritas/mailer/mail.go:105.16,107.3 1 0
github.com/roca/celeritas/mailer/mail.go:109.2,118.16 3 0
github.com/roca/celeritas/mailer/mail.go:118.16,120.3 1 0
github.com/roca/celeritas/mailer/mail.go:122.2,123.16 2 0
github.com/roca/celeritas/mailer/mail.go:123.16,125.3 1 0
github.com/roca/celeritas/mailer/mail.go:127.2,127.12 1 0
github.com/roca/celeritas/mailer/mail.go:130.79,131.30 1 0
github.com/roca/celeritas/mailer/mail.go:131.30,134.46 2 0
github.com/roca/celeritas/mailer/mail.go:134.46,137.18 3 0
github.com/roca/celeritas/mailer/mail.go:137.18,139.5 1 0
github.com/roca/celeritas/mailer/mail.go:141.4,145.45 4 0
github.com/roca/celeritas/mailer/mail.go:147.3,147.31 1 0
github.com/roca/celeritas/mailer/mail.go:149.2,149.12 1 0
github.com/roca/celeritas/mailer/mail.go:152.51,154.16 2 1
github.com/roca/celeritas/mailer/mail.go:154.16,156.3 1 0
github.com/roca/celeritas/mailer/mail.go:158.2,159.16 2 1
github.com/roca/celeritas/mailer/mail.go:159.16,161.3 1 0
github.com/roca/celeritas/mailer/mail.go:163.2,174.16 11 1
github.com/roca/celeritas/mailer/mail.go:174.16,176.3 1 0
github.com/roca/celeritas/mailer/mail.go:178.2,186.30 5 1
github.com/roca/celeritas/mailer/mail.go:186.30,187.46 1 1
github.com/roca/celeritas/mailer/mail.go:187.46,189.4 1 1
github.com/roca/celeritas/mailer/mail.go:192.2,194.12 2 1
github.com/roca/celeritas/mailer/mail.go:197.56,198.11 1 1
github.com/roca/celeritas/mailer/mail.go:199.13,200.33 1 0
github.com/roca/celeritas/mailer/mail.go:201.13,202.28 1 0
github.com/roca/celeritas/mailer/mail.go:203.14,204.29 1 1
github.com/roca/celeritas/mailer/mail.go:205.10,206.33 1 0
github.com/roca/celeritas/mailer/mail.go:210.62,214.16 3 1
github.com/roca/celeritas/mailer/mail.go:214.16,216.3 1 0
github.com/roca/celeritas/mailer/mail.go:218.2,219.65 2 1
github.com/roca/celeritas/mailer/mail.go:219.65,221.3 1 0
github.com/roca/celeritas/mailer/mail.go:223.2,225.16 3 1
github.com/roca/celeritas/mailer/mail.go:225.16,227.3 1 0
github.com/roca/celeritas/mailer/mail.go:229.2,229.30 1 1
github.com/roca/celeritas/mailer/mail.go:232.67,236.16 3 1
github.com/roca/celeritas/mailer/mail.go:236.16,238.3 1 0
github.com/roca/celeritas/mailer/mail.go:240.2,241.65 2 1
github.com/roca/celeritas/mailer/mail.go:241.65,243.3 1 0
github.com/roca/celeritas/mailer/mail.go:245.2,247.26 2 1
github.com/roca/celeritas/mailer/mail.go:250.52,258.16 3 1
github.com/roca/celeritas/mailer/mail.go:258.16,260.3 1 0
github.com/roca/celeritas/mailer/mail.go:262.2,263.16 2 1
github.com/roca/celeritas/mailer/mail.go:263.16,265.3 1 0
github.com/roca/celeritas/mailer/mail.go:267.2,267.18 1 1
